-------------------------
echo 'start' && export CCACHE_BASE="${PWD}" && python3 build.py -p ipcamera_hispark_taurus@hisilicon -f --gn-args build_xts=true
-------------------------

Set cache size limit to 100.0 GB
[OHOS INFO] [LOAD] loader args:['platforms_config_file="/mnt/data/gwx1296964/master_0115_2107/out/preloader/ipcamera_hispark_taurus/platforms.build"', 'subsystem_config_file="/mnt/data/gwx1296964/master_0115_2107/out/preloader/ipcamera_hispark_taurus/subsystem_config.json"', 'example_subsystem_file=""', 'exclusion_modules_config_file="/mnt/data/gwx1296964/master_0115_2107/out/preloader/ipcamera_hispark_taurus/exclusion_modules.json"', 'source_root_dir="/mnt/data/gwx1296964/master_0115_2107/"', 'gn_root_out_dir="out/hispark_taurus/ipcamera_hispark_taurus"', 'build_platform_name=phone', 'build_xts=True', 'load_test_config=True', 'target_os=ohos', 'target_cpu=arm', 'os_level=small', "ignore_api_check=['xts', 'common', 'testfwk']", 'scalable_build=False', 'skip_partlist_check=False']
[OHOS INFO] [GN] Excuting gn command: /mnt/data/gwx1296964/master_0115_2107/prebuilts/build-tools/linux-x86/bin/gn gen --args="product_name=\"ipcamera_hispark_taurus\" product_path=\"/mnt/data/gwx1296964/master_0115_2107/vendor/hisilicon/hispark_taurus\" product_config_path=\"/mnt/data/gwx1296964/master_0115_2107/vendor/hisilicon/hispark_taurus\" device_name=\"hispark_taurus\" device_path=\"/mnt/data/gwx1296964/master_0115_2107/device/board/hisilicon/hispark_taurus/liteos_a\" device_company=\"hisilicon\" device_config_path=\"/mnt/data/gwx1296964/master_0115_2107/device/board/hisilicon/hispark_taurus/liteos_a\" precise_branch=\"\" is_small_system=true ohos_kernel_type=\"liteos_a\" ohos_build_compiler_specified=\"clang\" ohos_build_time=1768516293171 ohos_build_datetime=\"2026-01-16 14:31:33\" ability_lite_enable_ohos_appexecfwk_feature_ability=true huks_config_file=\"hks_config_small.h\" huks_uid_trust_list_define=\"{}\" init_feature_begetctl_liteos=true ui_lite_enable_graphic_font_config=true hdf_core_platform_test_support=true drivers_peripheral_input_feature_lite_support_test=true drivers_peripheral_sensor_feature_lite_support_test=true drivers_peripheral_vibrator_feature_lite_support_test=true drivers_peripheral_light_feature_lite_support_test=true enable_screensaver=true ohos_build_compiler_dir=\"//prebuilts/clang/ohos/linux-x86_64/llvm\" ohos_build_enable_ccache=true use_thin_lto=false ohos_build_type=\"debug\" device_type=\"default\" build_variant=\"root\" build_xts=true root_perf_main=\"main\" runtime_mode=\"release\"" --args=product_name="ipcamera_hispark_taurus" product_path="/mnt/data/gwx1296964/master_0115_2107/vendor/hisilicon/hispark_taurus" product_config_path="/mnt/data/gwx1296964/master_0115_2107/vendor/hisilicon/hispark_taurus" device_name="hispark_taurus" device_path="/mnt/data/gwx1296964/master_0115_2107/device/board/hisilicon/hispark_taurus/liteos_a" device_company="hisilicon" device_config_path="/mnt/data/gwx1296964/master_0115_2107/device/board/hisilicon/hispark_taurus/liteos_a" precise_branch="" is_small_system=true ohos_kernel_type="liteos_a" ohos_build_compiler_specified="clang" ohos_build_time=1768516293171 ohos_build_datetime="2026-01-16 14:31:33" ability_lite_enable_ohos_appexecfwk_feature_ability=true huks_config_file="hks_config_small.h" huks_uid_trust_list_define="{}" init_feature_begetctl_liteos=true ui_lite_enable_graphic_font_config=true hdf_core_platform_test_support=true drivers_peripheral_input_feature_lite_support_test=true drivers_peripheral_sensor_feature_lite_support_test=true drivers_peripheral_vibrator_feature_lite_support_test=true drivers_peripheral_light_feature_lite_support_test=true enable_screensaver=true ohos_build_compiler_dir="//prebuilts/clang/ohos/linux-x86_64/llvm" ohos_build_enable_ccache=true use_thin_lto=false ohos_build_type="debug" device_type="default" build_variant="root" build_xts=true root_perf_main="main" runtime_mode="release" /mnt/data/gwx1296964/master_0115_2107/out/hispark_taurus/ipcamera_hispark_taurus --script-executable=/mnt/data/gwx1296964/master_0115_2107/prebuilts/python/linux-x86/3.11.4/bin/python3
root_out_dir=//out/hispark_taurus/ipcamera_hispark_taurus
root_build_dir=//out/hispark_taurus/ipcamera_hispark_taurus
root_gen_dir=//out/hispark_taurus/ipcamera_hispark_taurus/gen
current_toolchain=//build/lite/toolchain:linux_x86_64_ohos_clang
host_toolchain=//build/toolchain/linux:clang_x64
ohos_build_compiler: clang
ohos_kernel_type: liteos_a
liteos_config_file: /mnt/data/gwx1296964/master_0115_2107/vendor/hisilicon/hispark_taurus/kernel_configs/debug.config
ERROR at //kernel/liteos_a/BUILD.gn:55:1: Script returned non-zero exit code.
exec_script("//build/lite/run_shell_cmd.py",
^----------
Current dir: /mnt/data/gwx1296964/master_0115_2107/out/hispark_taurus/ipcamera_hispark_taurus/
Command: /mnt/data/gwx1296964/master_0115_2107/prebuilts/python/linux-x86/3.11.4/bin/python3 /mnt/data/gwx1296964/master_0115_2107/build/lite/run_shell_cmd.py env CONFIG_=LOSCFG_ KCONFIG_CONFIG_HEADER='y=true' KCONFIG_CONFIG=/mnt/data/gwx1296964/master_0115_2107/vendor/hisilicon/hispark_taurus/kernel_configs/debug.config DEVICE_PATH=/mnt/data/gwx1296964/master_0115_2107/device/board/hisilicon/hispark_taurus/liteos_a srctree=/mnt/data/gwx1296964/master_0115_2107/kernel/liteos_a genconfig --header-path /mnt/data/gwx1296964/master_0115_2107/out/hispark_taurus/ipcamera_hispark_taurus/config.h --file-list kconfig_files.txt --env-list kconfig_env.txt --config-out config.gni
Returned 127.
stderr:

env: ‘genconfig’: No such file or directory

See //build/ohos/ohos_part.gni:25:16: which caused the file to be included.
    _deps += [ get_label_info(module_label, "label_with_toolchain") ]
               ^--------------------------------------------------
["--haptobin", "../../../developtools/packing_tool/adapter/ohos", "--haptobinOutput", "obj/developtools/packing_tool/jar/haptobin_tool.jar", "--unpackOutput", "obj/developtools/packing_tool/jar/app_unpacking_tool.jar", "--packOutput", "obj/developtools/packing_tool/jar/app_packing_tool.jar", "--outpath", "obj/developtools/packing_tool/jar", "--checkOutput", "obj/developtools/packing_tool/jar/app_check_tool.jar", "--toolchain", "//build/lite/toolchain:linux_x86_64_ohos_clang", "--compileTarget", "image"]
[91m[OHOS ERROR][0m [GN] Traceback (most recent call last):
[91m[OHOS ERROR][0m [GN]   File "/mnt/data/gwx1296964/master_0115_2107/build/hb/containers/status.py", line 47, in wrapper
[91m[OHOS ERROR][0m [GN]     return func(*args, **kwargs)
[91m[OHOS ERROR][0m [GN]            ^^^^^^^^^^^^^^^^^^^^^
[91m[OHOS ERROR][0m [GN]   File "/mnt/data/gwx1296964/master_0115_2107/build/hb/services/gn.py", line 133, in _execute_gn_gen_cmd
[91m[OHOS ERROR][0m [GN]     SystemUtil.exec_command(gn_gen_cmd, self.config.log_path)
[91m[OHOS ERROR][0m [GN]   File "/mnt/data/gwx1296964/master_0115_2107/build/hb/util/system_util.py", line 142, in exec_command
[91m[OHOS ERROR][0m [GN]     LogUtil.get_failed_log(log_path, cmd)
[91m[OHOS ERROR][0m [GN]   File "/mnt/data/gwx1296964/master_0115_2107/build/hb/util/log_util.py", line 219, in get_failed_log
[91m[OHOS ERROR][0m [GN]     LogUtil.get_gn_failed_log(log_path)
[91m[OHOS ERROR][0m [GN]   File "/mnt/data/gwx1296964/master_0115_2107/build/hb/util/log_util.py", line 153, in get_gn_failed_log
[91m[OHOS ERROR][0m [GN]     raise OHOSException(
[91m[OHOS ERROR][0m [GN] exceptions.ohos_exception.OHOSException: GN Failed! Please check error in /mnt/data/gwx1296964/master_0115_2107/out/hispark_taurus/ipcamera_hispark_taurus/error.log, and for more build information in /mnt/data/gwx1296964/master_0115_2107/out/hispark_taurus/ipcamera_hispark_taurus/build.log
[91m[OHOS ERROR][0m [GN] 
[91m[OHOS ERROR][0m [GN] Code:        3007
[91m[OHOS ERROR][0m [GN] 
[91m[OHOS ERROR][0m [GN] Reason:      GN Failed! Please check error in /mnt/data/gwx1296964/master_0115_2107/out/hispark_taurus/ipcamera_hispark_taurus/error.log, and for more build information in /mnt/data/gwx1296964/master_0115_2107/out/hispark_taurus/ipcamera_hispark_taurus/build.log
[91m[OHOS ERROR][0m [GN] 
[91m[OHOS ERROR][0m [GN] Error Type:  GN build [91merror[0m: No such file or directory
[91m[OHOS ERROR][0m [GN] 
[91m[OHOS ERROR][0m [GN] Description: GN build error. The GN build system cannot find the file.
[91m[OHOS ERROR][0m [GN] 
[91m[OHOS ERROR][0m [GN] Solution:    Please check whether the file exists.
[91m[OHOS ERROR][0m [GN] 
